2024-10-04 18:04:29 [localhost] error: Error updating record in category: Validation error
2024-10-04 18:05:06 [localhost] error: Error updating record in category: Validation error
2024-10-04 18:22:14 [localhost] error: Error syncing database: Too many keys specified; max 64 keys allowed
2024-10-04 18:22:17 [localhost] error: Error syncing database: Too many keys specified; max 64 keys allowed
2024-10-04 18:22:17 [localhost] error: Error syncing database: Too many keys specified; max 64 keys allowed
2024-10-04 18:22:22 [localhost] error: Error syncing database: Too many keys specified; max 64 keys allowed
2024-10-04 18:22:26 [localhost] error: Error syncing database: Too many keys specified; max 64 keys allowed
2024-10-04 18:22:30 [localhost] error: Error syncing database: Too many keys specified; max 64 keys allowed
2024-10-04 18:22:32 [localhost] error: Error syncing database: Too many keys specified; max 64 keys allowed
2024-10-04 18:22:36 [localhost] error: Error syncing database: Too many keys specified; max 64 keys allowed
2024-10-04 18:22:39 [localhost] error: Error syncing database: Too many keys specified; max 64 keys allowed
2024-10-04 18:22:43 [localhost] error: Error syncing database: Too many keys specified; max 64 keys allowed
2024-10-04 18:22:46 [localhost] error: Error syncing database: Too many keys specified; max 64 keys allowed
2024-10-04 18:22:47 [localhost] error: Error syncing database: Too many keys specified; max 64 keys allowed
2024-10-04 18:22:52 [localhost] error: Error syncing database: Too many keys specified; max 64 keys allowed
2024-10-04 18:22:58 [localhost] error: Error syncing database: Too many keys specified; max 64 keys allowed
2024-10-04 18:23:03 [localhost] error: Error syncing database: Too many keys specified; max 64 keys allowed
2024-10-04 18:23:05 [localhost] error: Error syncing database: Too many keys specified; max 64 keys allowed
2024-10-04 18:23:06 [localhost] error: Error syncing database: Too many keys specified; max 64 keys allowed
2024-10-04 18:23:07 [localhost] error: Error syncing database: Too many keys specified; max 64 keys allowed
2024-10-04 18:23:10 [localhost] error: Error syncing database: Too many keys specified; max 64 keys allowed
2024-10-04 18:23:17 [localhost] error: Error syncing database: Too many keys specified; max 64 keys allowed
2024-10-04 18:23:17 [localhost] error: Error syncing database: Too many keys specified; max 64 keys allowed
2024-10-04 18:23:17 [localhost] error: Error syncing database: Too many keys specified; max 64 keys allowed
2024-10-04 18:23:20 [localhost] error: Error syncing database: Too many keys specified; max 64 keys allowed
2024-10-04 18:23:24 [localhost] error: Error syncing database: Too many keys specified; max 64 keys allowed
2024-10-04 18:23:29 [localhost] error: Error syncing database: Too many keys specified; max 64 keys allowed
2024-10-04 18:23:31 [localhost] error: Error syncing database: Too many keys specified; max 64 keys allowed
2024-10-04 18:23:40 [localhost] error: Error syncing database: Too many keys specified; max 64 keys allowed
2024-10-04 18:23:43 [localhost] error: Error syncing database: Too many keys specified; max 64 keys allowed
2024-10-04 18:23:45 [localhost] error: Error syncing database: Too many keys specified; max 64 keys allowed
2024-10-04 18:23:47 [localhost] error: Error syncing database: Too many keys specified; max 64 keys allowed
2024-10-04 18:23:48 [localhost] error: Error syncing database: Too many keys specified; max 64 keys allowed
2024-10-04 18:23:57 [localhost] error: Error syncing database: Too many keys specified; max 64 keys allowed
2024-10-04 18:23:59 [localhost] error: Error syncing database: Too many keys specified; max 64 keys allowed
2024-10-04 18:24:42 [localhost] error: Error syncing database: Too many keys specified; max 64 keys allowed
2024-10-04 18:26:17 [localhost] error: Error syncing database: Too many keys specified; max 64 keys allowed
2024-10-04 18:26:17 [localhost] error: Error syncing database: Too many keys specified; max 64 keys allowed
2024-10-04 18:28:47 [localhost] error: Error syncing database: Too many keys specified; max 64 keys allowed
2024-10-04 18:32:17 [localhost] error: Error syncing database: Incorrect datetime value: '0000-00-00 00:00:00' for column `commando`.`categories`.`createdAt` at row 1
2024-10-04 18:34:17 [localhost] error: Error syncing database: Incorrect datetime value: '0000-00-00 00:00:00' for column `commando`.`categories`.`createdAt` at row 1
2024-10-04 18:35:17 [localhost] error: Error syncing database: Too many keys specified; max 64 keys allowed
2024-10-04 18:35:23 [localhost] error: Error syncing database: Too many keys specified; max 64 keys allowed
2024-10-04 18:47:51 [localhost] error: Error syncing database: Too many keys specified; max 64 keys allowed
2024-10-04 18:49:03 [localhost] error: Error syncing database: Too many keys specified; max 64 keys allowed
2024-10-04 18:49:18 [localhost] error: Error syncing database: Too many keys specified; max 64 keys allowed
2024-10-04 18:51:31 [localhost] error: Error syncing database: Too many keys specified; max 64 keys allowed
2024-10-04 18:52:28 [localhost] error: Error syncing database: Too many keys specified; max 64 keys allowed
2024-10-04 18:52:30 [localhost] error: Error syncing database: Too many keys specified; max 64 keys allowed
2024-10-05 09:55:25 [localhost] error: Error reading category: category with id 1 not found
2024-10-05 17:32:32 [localhost] error: Error soft deleting record from Subcategory: Subcategory with id 1 not found or already deleted
2024-10-05 17:32:52 [localhost] error: Error reading Subcategory: Subcategory with id 1 not found
2024-10-07 11:24:28 [localhost] error: Error creating record in Subcategory: Validation error
2024-10-07 11:35:45 [localhost] error: Error syncing database: Too many keys specified; max 64 keys allowed
2024-10-07 11:35:48 [localhost] error: Error syncing database: Too many keys specified; max 64 keys allowed
2024-10-07 11:35:49 [localhost] error: Error syncing database: Too many keys specified; max 64 keys allowed
2024-10-07 11:35:57 [localhost] error: Error syncing database: Too many keys specified; max 64 keys allowed
2024-10-07 11:36:04 [localhost] error: Error syncing database: Too many keys specified; max 64 keys allowed
2024-10-07 11:36:07 [localhost] error: Error syncing database: Too many keys specified; max 64 keys allowed
2024-10-07 11:36:11 [localhost] error: Error syncing database: Too many keys specified; max 64 keys allowed
2024-10-07 11:36:19 [localhost] error: Error syncing database: Too many keys specified; max 64 keys allowed
2024-10-07 11:36:22 [localhost] error: Error syncing database: Too many keys specified; max 64 keys allowed
2024-10-07 11:36:27 [localhost] error: Error syncing database: Too many keys specified; max 64 keys allowed
2024-10-07 11:36:29 [localhost] error: Error syncing database: Too many keys specified; max 64 keys allowed
2024-10-07 11:36:31 [localhost] error: Error syncing database: Too many keys specified; max 64 keys allowed
2024-10-07 11:36:37 [localhost] error: Error syncing database: Too many keys specified; max 64 keys allowed
2024-10-07 11:36:38 [localhost] error: Error syncing database: Too many keys specified; max 64 keys allowed
2024-10-07 11:36:40 [localhost] error: Error syncing database: Too many keys specified; max 64 keys allowed
2024-10-07 11:36:43 [localhost] error: Error syncing database: Too many keys specified; max 64 keys allowed
2024-10-07 11:36:50 [localhost] error: Error syncing database: Too many keys specified; max 64 keys allowed
2024-10-07 11:36:52 [localhost] error: Error syncing database: Too many keys specified; max 64 keys allowed
2024-10-07 11:36:55 [localhost] error: Error syncing database: Too many keys specified; max 64 keys allowed
2024-10-07 11:36:57 [localhost] error: Error syncing database: Too many keys specified; max 64 keys allowed
2024-10-07 11:37:02 [localhost] error: Error syncing database: Too many keys specified; max 64 keys allowed
2024-10-07 11:37:04 [localhost] error: Error syncing database: Too many keys specified; max 64 keys allowed
2024-10-07 11:37:06 [localhost] error: Error syncing database: Too many keys specified; max 64 keys allowed
2024-10-07 11:37:26 [localhost] error: Error syncing database: Too many keys specified; max 64 keys allowed
2024-10-07 11:37:31 [localhost] error: Error syncing database: Too many keys specified; max 64 keys allowed
2024-10-07 11:37:33 [localhost] error: Error syncing database: Too many keys specified; max 64 keys allowed
2024-10-07 11:37:36 [localhost] error: Error syncing database: Too many keys specified; max 64 keys allowed
2024-10-07 11:37:37 [localhost] error: Error syncing database: Too many keys specified; max 64 keys allowed
2024-10-07 11:37:40 [localhost] error: Error syncing database: Too many keys specified; max 64 keys allowed
2024-10-07 11:37:48 [localhost] error: Error syncing database: Too many keys specified; max 64 keys allowed
2024-10-07 11:37:50 [localhost] error: Error syncing database: Too many keys specified; max 64 keys allowed
2024-10-07 11:37:52 [localhost] error: Error syncing database: Too many keys specified; max 64 keys allowed
2024-10-07 11:37:56 [localhost] error: Error syncing database: Too many keys specified; max 64 keys allowed
2024-10-07 11:38:00 [localhost] error: Error syncing database: Too many keys specified; max 64 keys allowed
2024-10-07 11:38:04 [localhost] error: Error syncing database: Too many keys specified; max 64 keys allowed
2024-10-07 11:38:08 [localhost] error: Error syncing database: Too many keys specified; max 64 keys allowed
2024-10-07 11:38:09 [localhost] error: Error syncing database: Too many keys specified; max 64 keys allowed
2024-10-07 11:38:16 [localhost] error: Error syncing database: Too many keys specified; max 64 keys allowed
2024-10-07 11:38:17 [localhost] error: Error syncing database: Too many keys specified; max 64 keys allowed
2024-10-07 11:38:20 [localhost] error: Error syncing database: Too many keys specified; max 64 keys allowed
2024-10-07 11:38:22 [localhost] error: Error syncing database: Too many keys specified; max 64 keys allowed
2024-10-07 11:38:25 [localhost] error: Error syncing database: Too many keys specified; max 64 keys allowed
2024-10-07 11:38:27 [localhost] error: Error syncing database: Too many keys specified; max 64 keys allowed
2024-10-07 11:38:31 [localhost] error: Error syncing database: Too many keys specified; max 64 keys allowed
2024-10-07 11:38:33 [localhost] error: Error syncing database: Too many keys specified; max 64 keys allowed
2024-10-07 11:38:35 [localhost] error: Error syncing database: Too many keys specified; max 64 keys allowed
2024-10-07 11:38:38 [localhost] error: Error syncing database: Too many keys specified; max 64 keys allowed
2024-10-07 11:38:41 [localhost] error: Error syncing database: Too many keys specified; max 64 keys allowed
2024-10-07 11:39:05 [localhost] error: Error syncing database: Too many keys specified; max 64 keys allowed
2024-10-07 11:39:06 [localhost] error: Error syncing database: Too many keys specified; max 64 keys allowed
2024-10-07 11:39:08 [localhost] error: Error syncing database: Too many keys specified; max 64 keys allowed
2024-10-07 11:39:18 [localhost] error: Error syncing database: Too many keys specified; max 64 keys allowed
2024-10-07 11:39:19 [localhost] error: Error syncing database: Too many keys specified; max 64 keys allowed
2024-10-07 11:39:20 [localhost] error: Error syncing database: Too many keys specified; max 64 keys allowed
2024-10-07 11:39:21 [localhost] error: Error syncing database: Too many keys specified; max 64 keys allowed
2024-10-07 11:39:24 [localhost] error: Error syncing database: Too many keys specified; max 64 keys allowed
2024-10-07 11:39:26 [localhost] error: Error syncing database: Too many keys specified; max 64 keys allowed
2024-10-07 11:39:34 [localhost] error: Error syncing database: Too many keys specified; max 64 keys allowed
2024-10-07 11:39:38 [localhost] error: Error syncing database: Too many keys specified; max 64 keys allowed
2024-10-07 11:39:43 [localhost] error: Error syncing database: Too many keys specified; max 64 keys allowed
2024-10-07 11:39:50 [localhost] error: Error syncing database: Too many keys specified; max 64 keys allowed
2024-10-07 11:39:53 [localhost] error: Error syncing database: Too many keys specified; max 64 keys allowed
2024-10-07 11:39:57 [localhost] error: Error syncing database: Too many keys specified; max 64 keys allowed
2024-10-07 11:39:58 [localhost] error: Error syncing database: Too many keys specified; max 64 keys allowed
2024-10-07 11:39:59 [localhost] error: Error syncing database: Too many keys specified; max 64 keys allowed
2024-10-07 11:40:10 [localhost] error: Error syncing database: Too many keys specified; max 64 keys allowed
2024-10-07 11:40:14 [localhost] error: Error syncing database: Too many keys specified; max 64 keys allowed
2024-10-07 11:40:15 [localhost] error: Error syncing database: Too many keys specified; max 64 keys allowed
2024-10-07 11:40:25 [localhost] error: Error syncing database: Too many keys specified; max 64 keys allowed
2024-10-07 11:40:31 [localhost] error: Error syncing database: Too many keys specified; max 64 keys allowed
2024-10-07 11:40:32 [localhost] error: Error syncing database: Too many keys specified; max 64 keys allowed
2024-10-07 11:40:39 [localhost] error: Error syncing database: Too many keys specified; max 64 keys allowed
2024-10-07 11:40:42 [localhost] error: Error syncing database: Too many keys specified; max 64 keys allowed
2024-10-07 11:40:43 [localhost] error: Error syncing database: Too many keys specified; max 64 keys allowed
2024-10-07 11:40:45 [localhost] error: Error syncing database: Too many keys specified; max 64 keys allowed
2024-10-07 11:40:47 [localhost] error: Error syncing database: Too many keys specified; max 64 keys allowed
2024-10-07 11:40:48 [localhost] error: Error syncing database: Too many keys specified; max 64 keys allowed
2024-10-07 11:40:50 [localhost] error: Error syncing database: Too many keys specified; max 64 keys allowed
2024-10-07 11:40:51 [localhost] error: Error syncing database: Too many keys specified; max 64 keys allowed
2024-10-07 11:40:53 [localhost] error: Error syncing database: Too many keys specified; max 64 keys allowed
2024-10-07 11:40:56 [localhost] error: Error syncing database: Too many keys specified; max 64 keys allowed
2024-10-07 11:40:58 [localhost] error: Error syncing database: Too many keys specified; max 64 keys allowed
2024-10-07 11:41:11 [localhost] error: Error syncing database: Too many keys specified; max 64 keys allowed
2024-10-07 11:41:13 [localhost] error: Error syncing database: Too many keys specified; max 64 keys allowed
2024-10-07 11:41:15 [localhost] error: Error syncing database: Too many keys specified; max 64 keys allowed
2024-10-07 11:41:29 [localhost] error: Error syncing database: Too many keys specified; max 64 keys allowed
2024-10-07 11:41:31 [localhost] error: Error syncing database: Too many keys specified; max 64 keys allowed
2024-10-07 11:41:32 [localhost] error: Error syncing database: Too many keys specified; max 64 keys allowed
2024-10-07 11:41:35 [localhost] error: Error syncing database: Too many keys specified; max 64 keys allowed
2024-10-07 11:41:45 [localhost] error: Error syncing database: Too many keys specified; max 64 keys allowed
2024-10-07 11:41:46 [localhost] error: Error syncing database: Too many keys specified; max 64 keys allowed
2024-10-07 11:41:51 [localhost] error: Error syncing database: Too many keys specified; max 64 keys allowed
2024-10-07 11:41:52 [localhost] error: Error syncing database: Too many keys specified; max 64 keys allowed
2024-10-07 11:42:10 [localhost] error: Error syncing database: Too many keys specified; max 64 keys allowed
2024-10-07 11:42:15 [localhost] error: Error syncing database: Too many keys specified; max 64 keys allowed
2024-10-07 11:42:17 [localhost] error: Error syncing database: Too many keys specified; max 64 keys allowed
2024-10-07 11:42:18 [localhost] error: Error syncing database: Too many keys specified; max 64 keys allowed
2024-10-07 11:42:20 [localhost] error: Error syncing database: Too many keys specified; max 64 keys allowed
2024-10-07 11:42:21 [localhost] error: Error syncing database: Too many keys specified; max 64 keys allowed
2024-10-07 11:42:24 [localhost] error: Error syncing database: Too many keys specified; max 64 keys allowed
2024-10-07 11:42:25 [localhost] error: Error syncing database: Too many keys specified; max 64 keys allowed
2024-10-07 11:42:35 [localhost] error: Error syncing database: Too many keys specified; max 64 keys allowed
2024-10-07 11:42:53 [localhost] error: Error syncing database: Too many keys specified; max 64 keys allowed
2024-10-07 11:43:08 [localhost] error: Error syncing database: Too many keys specified; max 64 keys allowed
2024-10-07 11:43:10 [localhost] error: Error syncing database: Too many keys specified; max 64 keys allowed
2024-10-07 11:43:21 [localhost] error: Error syncing database: Too many keys specified; max 64 keys allowed
2024-10-07 11:43:22 [localhost] error: Error syncing database: Too many keys specified; max 64 keys allowed
2024-10-07 11:43:23 [localhost] error: Error syncing database: Too many keys specified; max 64 keys allowed
2024-10-07 11:43:35 [localhost] error: Error syncing database: Too many keys specified; max 64 keys allowed
2024-10-07 11:43:38 [localhost] error: Error syncing database: Too many keys specified; max 64 keys allowed
2024-10-07 11:43:45 [localhost] error: Error syncing database: Too many keys specified; max 64 keys allowed
2024-10-07 11:43:46 [localhost] error: Error syncing database: Too many keys specified; max 64 keys allowed
2024-10-07 11:43:48 [localhost] error: Error syncing database: Too many keys specified; max 64 keys allowed
2024-10-07 11:43:51 [localhost] error: Error syncing database: Too many keys specified; max 64 keys allowed
2024-10-07 11:43:53 [localhost] error: Error syncing database: Too many keys specified; max 64 keys allowed
2024-10-07 11:43:55 [localhost] error: Error syncing database: Too many keys specified; max 64 keys allowed
2024-10-07 11:43:56 [localhost] error: Error syncing database: Too many keys specified; max 64 keys allowed
2024-10-07 11:44:27 [localhost] error: Error syncing database: Too many keys specified; max 64 keys allowed
2024-10-07 11:44:38 [localhost] error: Error syncing database: Too many keys specified; max 64 keys allowed
2024-10-07 11:44:40 [localhost] error: Error syncing database: Too many keys specified; max 64 keys allowed
2024-10-07 11:44:43 [localhost] error: Error syncing database: Too many keys specified; max 64 keys allowed
2024-10-07 11:44:56 [localhost] error: Error syncing database: Too many keys specified; max 64 keys allowed
2024-10-07 11:45:01 [localhost] error: Error syncing database: Too many keys specified; max 64 keys allowed
2024-10-07 11:45:02 [localhost] error: Error syncing database: Too many keys specified; max 64 keys allowed
2024-10-07 11:45:15 [localhost] error: Error syncing database: Too many keys specified; max 64 keys allowed
2024-10-07 11:45:17 [localhost] error: Error syncing database: Too many keys specified; max 64 keys allowed
2024-10-07 11:45:20 [localhost] error: Error syncing database: Too many keys specified; max 64 keys allowed
2024-10-07 11:45:28 [localhost] error: Error syncing database: Too many keys specified; max 64 keys allowed
2024-10-07 11:45:32 [localhost] error: Error syncing database: Too many keys specified; max 64 keys allowed
2024-10-07 11:45:34 [localhost] error: Error syncing database: Too many keys specified; max 64 keys allowed
2024-10-07 11:45:41 [localhost] error: Error syncing database: Too many keys specified; max 64 keys allowed
2024-10-07 11:45:43 [localhost] error: Error syncing database: Too many keys specified; max 64 keys allowed
2024-10-07 11:45:47 [localhost] error: Error syncing database: Too many keys specified; max 64 keys allowed
2024-10-07 11:45:50 [localhost] error: Error syncing database: Too many keys specified; max 64 keys allowed
2024-10-07 11:45:52 [localhost] error: Error syncing database: Too many keys specified; max 64 keys allowed
2024-10-07 11:45:53 [localhost] error: Error syncing database: Too many keys specified; max 64 keys allowed
2024-10-07 11:46:07 [localhost] error: Error syncing database: Too many keys specified; max 64 keys allowed
2024-10-07 11:46:12 [localhost] error: Error syncing database: Too many keys specified; max 64 keys allowed
2024-10-07 11:46:13 [localhost] error: Error syncing database: Too many keys specified; max 64 keys allowed
2024-10-07 11:46:15 [localhost] error: Error syncing database: Too many keys specified; max 64 keys allowed
2024-10-07 11:46:27 [localhost] error: Error syncing database: Too many keys specified; max 64 keys allowed
2024-10-07 11:46:28 [localhost] error: Error syncing database: Too many keys specified; max 64 keys allowed
2024-10-07 11:46:34 [localhost] error: Error syncing database: Too many keys specified; max 64 keys allowed
2024-10-07 11:46:36 [localhost] error: Error syncing database: Too many keys specified; max 64 keys allowed
2024-10-07 11:46:55 [localhost] error: Error syncing database: Too many keys specified; max 64 keys allowed
2024-10-07 11:46:58 [localhost] error: Error syncing database: Too many keys specified; max 64 keys allowed
2024-10-07 11:47:21 [localhost] error: Error syncing database: Too many keys specified; max 64 keys allowed
2024-10-07 11:47:24 [localhost] error: Error syncing database: Too many keys specified; max 64 keys allowed
2024-10-07 11:47:42 [localhost] error: Error syncing database: Too many keys specified; max 64 keys allowed
2024-10-07 11:53:34 [localhost] error: Error syncing database: Too many keys specified; max 64 keys allowed
2024-10-07 11:54:29 [localhost] error: Error syncing database: Too many keys specified; max 64 keys allowed
2024-10-07 11:54:30 [localhost] error: Error syncing database: Too many keys specified; max 64 keys allowed
2024-10-07 11:54:33 [localhost] error: Error syncing database: Too many keys specified; max 64 keys allowed
2024-10-07 11:54:39 [localhost] error: Error syncing database: Too many keys specified; max 64 keys allowed
2024-10-07 11:54:46 [localhost] error: Error syncing database: Too many keys specified; max 64 keys allowed
2024-10-07 11:56:59 [localhost] error: Error syncing database: Too many keys specified; max 64 keys allowed
2024-10-07 11:57:04 [localhost] error: Error syncing database: Too many keys specified; max 64 keys allowed
2024-10-07 11:57:05 [localhost] error: Error syncing database: Too many keys specified; max 64 keys allowed
2024-10-07 11:57:07 [localhost] error: Error syncing database: Too many keys specified; max 64 keys allowed
2024-10-07 11:57:09 [localhost] error: Error syncing database: Too many keys specified; max 64 keys allowed
2024-10-07 11:57:12 [localhost] error: Error syncing database: Too many keys specified; max 64 keys allowed
2024-10-07 11:57:16 [localhost] error: Error syncing database: Too many keys specified; max 64 keys allowed
2024-10-07 11:57:21 [localhost] error: Error syncing database: Too many keys specified; max 64 keys allowed
2024-10-07 11:57:27 [localhost] error: Error syncing database: Too many keys specified; max 64 keys allowed
2024-10-07 11:57:50 [localhost] error: Error syncing database: Too many keys specified; max 64 keys allowed
2024-10-07 11:57:54 [localhost] error: Error syncing database: Too many keys specified; max 64 keys allowed
2024-10-07 11:57:57 [localhost] error: Error syncing database: Too many keys specified; max 64 keys allowed
2024-10-07 11:58:01 [localhost] error: Error syncing database: Too many keys specified; max 64 keys allowed
2024-10-07 11:58:02 [localhost] error: Error syncing database: Too many keys specified; max 64 keys allowed
2024-10-07 11:58:03 [localhost] error: Error syncing database: Too many keys specified; max 64 keys allowed
2024-10-07 11:58:04 [localhost] error: Error syncing database: Too many keys specified; max 64 keys allowed
2024-10-07 11:58:06 [localhost] error: Error syncing database: Too many keys specified; max 64 keys allowed
2024-10-07 11:58:10 [localhost] error: Error syncing database: Too many keys specified; max 64 keys allowed
2024-10-07 11:58:11 [localhost] error: Error syncing database: Too many keys specified; max 64 keys allowed
2024-10-07 11:58:12 [localhost] error: Error syncing database: Too many keys specified; max 64 keys allowed
2024-10-07 11:58:30 [localhost] error: Error syncing database: Too many keys specified; max 64 keys allowed
2024-10-07 11:58:32 [localhost] error: Error syncing database: Too many keys specified; max 64 keys allowed
2024-10-07 11:58:35 [localhost] error: Error syncing database: Too many keys specified; max 64 keys allowed
2024-10-07 11:58:39 [localhost] error: Error syncing database: Too many keys specified; max 64 keys allowed
2024-10-07 11:58:42 [localhost] error: Error syncing database: Too many keys specified; max 64 keys allowed
2024-10-07 11:58:47 [localhost] error: Error syncing database: Too many keys specified; max 64 keys allowed
2024-10-07 11:58:50 [localhost] error: Error syncing database: Too many keys specified; max 64 keys allowed
2024-10-07 11:58:52 [localhost] error: Error syncing database: Too many keys specified; max 64 keys allowed
2024-10-07 11:59:01 [localhost] error: Error syncing database: Too many keys specified; max 64 keys allowed
2024-10-07 11:59:04 [localhost] error: Error syncing database: Too many keys specified; max 64 keys allowed
2024-10-07 11:59:07 [localhost] error: Error syncing database: Too many keys specified; max 64 keys allowed
2024-10-07 11:59:18 [localhost] error: Error syncing database: Too many keys specified; max 64 keys allowed
2024-10-07 11:59:27 [localhost] error: Error syncing database: Too many keys specified; max 64 keys allowed
2024-10-07 11:59:29 [localhost] error: Error syncing database: Too many keys specified; max 64 keys allowed
2024-10-07 11:59:31 [localhost] error: Error syncing database: Too many keys specified; max 64 keys allowed
2024-10-07 11:59:33 [localhost] error: Error syncing database: Too many keys specified; max 64 keys allowed
2024-10-07 11:59:34 [localhost] error: Error syncing database: Too many keys specified; max 64 keys allowed
2024-10-07 11:59:35 [localhost] error: Error syncing database: Too many keys specified; max 64 keys allowed
2024-10-07 11:59:39 [localhost] error: Error syncing database: Too many keys specified; max 64 keys allowed
2024-10-07 11:59:40 [localhost] error: Error syncing database: Too many keys specified; max 64 keys allowed
2024-10-07 11:59:42 [localhost] error: Error syncing database: Too many keys specified; max 64 keys allowed
2024-10-07 11:59:45 [localhost] error: Error syncing database: Too many keys specified; max 64 keys allowed
2024-10-07 11:59:51 [localhost] error: Error syncing database: Too many keys specified; max 64 keys allowed
2024-10-07 11:59:59 [localhost] error: Error syncing database: Too many keys specified; max 64 keys allowed
2024-10-07 12:00:01 [localhost] error: Error syncing database: Too many keys specified; max 64 keys allowed
2024-10-07 12:00:05 [localhost] error: Error syncing database: Too many keys specified; max 64 keys allowed
2024-10-07 12:00:10 [localhost] error: Error syncing database: Too many keys specified; max 64 keys allowed
2024-10-07 12:00:11 [localhost] error: Error syncing database: Too many keys specified; max 64 keys allowed
2024-10-07 12:00:12 [localhost] error: Error syncing database: Too many keys specified; max 64 keys allowed
2024-10-07 12:00:20 [localhost] error: Error syncing database: Too many keys specified; max 64 keys allowed
2024-10-07 12:00:28 [localhost] error: Error syncing database: Too many keys specified; max 64 keys allowed
2024-10-07 12:00:30 [localhost] error: Error syncing database: Too many keys specified; max 64 keys allowed
2024-10-07 12:00:31 [localhost] error: Error syncing database: Too many keys specified; max 64 keys allowed
2024-10-07 12:00:34 [localhost] error: Error syncing database: Too many keys specified; max 64 keys allowed
2024-10-07 12:00:37 [localhost] error: Error syncing database: Too many keys specified; max 64 keys allowed
2024-10-07 12:00:38 [localhost] error: Error syncing database: Too many keys specified; max 64 keys allowed
2024-10-07 12:00:40 [localhost] error: Error syncing database: Too many keys specified; max 64 keys allowed
2024-10-07 12:00:42 [localhost] error: Error syncing database: Too many keys specified; max 64 keys allowed
2024-10-07 12:00:46 [localhost] error: Error syncing database: Too many keys specified; max 64 keys allowed
2024-10-07 12:01:07 [localhost] error: Error syncing database: Too many keys specified; max 64 keys allowed
2024-10-07 12:01:12 [localhost] error: Error syncing database: Too many keys specified; max 64 keys allowed
2024-10-07 12:01:13 [localhost] error: Error syncing database: Too many keys specified; max 64 keys allowed
2024-10-07 12:01:25 [localhost] error: Error syncing database: Too many keys specified; max 64 keys allowed
2024-10-07 12:07:02 [localhost] error: Error syncing database: Too many keys specified; max 64 keys allowed
2024-10-07 12:07:09 [localhost] error: Error syncing database: Too many keys specified; max 64 keys allowed
2024-10-07 12:07:12 [localhost] error: Error syncing database: Too many keys specified; max 64 keys allowed
2024-10-07 12:07:15 [localhost] error: Error syncing database: Too many keys specified; max 64 keys allowed
2024-10-07 12:07:25 [localhost] error: Error syncing database: Too many keys specified; max 64 keys allowed
2024-10-07 12:07:27 [localhost] error: Error syncing database: Too many keys specified; max 64 keys allowed
2024-10-07 12:07:30 [localhost] error: Error syncing database: Too many keys specified; max 64 keys allowed
2024-10-07 12:07:33 [localhost] error: Error syncing database: Too many keys specified; max 64 keys allowed
2024-10-07 12:09:18 [localhost] error: Error syncing database: Too many keys specified; max 64 keys allowed
2024-10-07 12:09:21 [localhost] error: Error syncing database: Too many keys specified; max 64 keys allowed
2024-10-07 12:09:23 [localhost] error: Error syncing database: Too many keys specified; max 64 keys allowed
2024-10-07 12:09:25 [localhost] error: Error syncing database: Too many keys specified; max 64 keys allowed
2024-10-07 12:09:28 [localhost] error: Error syncing database: Too many keys specified; max 64 keys allowed
2024-10-07 12:09:29 [localhost] error: Error syncing database: Too many keys specified; max 64 keys allowed
2024-10-07 12:09:32 [localhost] error: Error syncing database: Too many keys specified; max 64 keys allowed
2024-10-07 12:09:33 [localhost] error: Error syncing database: Too many keys specified; max 64 keys allowed
2024-10-07 12:09:34 [localhost] error: Error syncing database: Too many keys specified; max 64 keys allowed
2024-10-07 12:09:37 [localhost] error: Error syncing database: Too many keys specified; max 64 keys allowed
2024-10-07 12:09:38 [localhost] error: Error syncing database: Too many keys specified; max 64 keys allowed
2024-10-07 12:09:40 [localhost] error: Error syncing database: Too many keys specified; max 64 keys allowed
2024-10-07 12:09:41 [localhost] error: Error syncing database: Too many keys specified; max 64 keys allowed
2024-10-07 12:09:46 [localhost] error: Error syncing database: Too many keys specified; max 64 keys allowed
2024-10-07 12:09:50 [localhost] error: Error syncing database: Too many keys specified; max 64 keys allowed
2024-10-07 12:10:00 [localhost] error: Error syncing database: Too many keys specified; max 64 keys allowed
2024-10-07 12:10:04 [localhost] error: Error syncing database: Too many keys specified; max 64 keys allowed
2024-10-07 12:10:06 [localhost] error: Error syncing database: Too many keys specified; max 64 keys allowed
2024-10-07 12:10:07 [localhost] error: Error syncing database: Too many keys specified; max 64 keys allowed
2024-10-07 12:10:10 [localhost] error: Error syncing database: Too many keys specified; max 64 keys allowed
2024-10-07 12:10:17 [localhost] error: Error syncing database: Too many keys specified; max 64 keys allowed
2024-10-07 12:10:18 [localhost] error: Error syncing database: Too many keys specified; max 64 keys allowed
2024-10-07 12:10:20 [localhost] error: Error syncing database: Too many keys specified; max 64 keys allowed
2024-10-07 12:10:32 [localhost] error: Error syncing database: Too many keys specified; max 64 keys allowed
2024-10-07 12:10:35 [localhost] error: Error syncing database: Too many keys specified; max 64 keys allowed
2024-10-07 12:10:39 [localhost] error: Error syncing database: Too many keys specified; max 64 keys allowed
2024-10-07 12:10:41 [localhost] error: Error syncing database: Too many keys specified; max 64 keys allowed
2024-10-07 12:10:45 [localhost] error: Error syncing database: Too many keys specified; max 64 keys allowed
2024-10-07 12:10:51 [localhost] error: Error syncing database: Too many keys specified; max 64 keys allowed
2024-10-07 12:10:55 [localhost] error: Error syncing database: Too many keys specified; max 64 keys allowed
2024-10-07 12:10:57 [localhost] error: Error syncing database: Too many keys specified; max 64 keys allowed
2024-10-07 12:10:59 [localhost] error: Error syncing database: Too many keys specified; max 64 keys allowed
2024-10-07 12:11:02 [localhost] error: Error syncing database: Too many keys specified; max 64 keys allowed
2024-10-07 12:11:04 [localhost] error: Error syncing database: Too many keys specified; max 64 keys allowed
2024-10-07 12:11:05 [localhost] error: Error syncing database: Too many keys specified; max 64 keys allowed
2024-10-07 12:11:12 [localhost] error: Error syncing database: Too many keys specified; max 64 keys allowed
2024-10-07 12:11:13 [localhost] error: Error syncing database: Too many keys specified; max 64 keys allowed
2024-10-07 12:11:18 [localhost] error: Error syncing database: Too many keys specified; max 64 keys allowed
2024-10-07 12:11:20 [localhost] error: Error syncing database: Too many keys specified; max 64 keys allowed
2024-10-07 12:11:22 [localhost] error: Error syncing database: Too many keys specified; max 64 keys allowed
2024-10-07 12:11:25 [localhost] error: Error syncing database: Too many keys specified; max 64 keys allowed
2024-10-07 12:11:26 [localhost] error: Error syncing database: Too many keys specified; max 64 keys allowed
2024-10-07 12:11:27 [localhost] error: Error syncing database: Too many keys specified; max 64 keys allowed
2024-10-07 12:11:32 [localhost] error: Error syncing database: Too many keys specified; max 64 keys allowed
2024-10-07 12:11:33 [localhost] error: Error syncing database: Too many keys specified; max 64 keys allowed
2024-10-07 12:11:34 [localhost] error: Error syncing database: Too many keys specified; max 64 keys allowed
2024-10-07 12:11:36 [localhost] error: Error syncing database: Too many keys specified; max 64 keys allowed
2024-10-07 12:11:39 [localhost] error: Error syncing database: Too many keys specified; max 64 keys allowed
2024-10-07 12:11:43 [localhost] error: Error syncing database: Too many keys specified; max 64 keys allowed
2024-10-07 12:12:01 [localhost] error: Error syncing database: Too many keys specified; max 64 keys allowed
2024-10-07 12:12:13 [localhost] error: Error syncing database: Too many keys specified; max 64 keys allowed
2024-10-07 12:12:15 [localhost] error: Error syncing database: Too many keys specified; max 64 keys allowed
2024-10-07 12:12:21 [localhost] error: Error syncing database: Too many keys specified; max 64 keys allowed
2024-10-07 12:12:24 [localhost] error: Error syncing database: Too many keys specified; max 64 keys allowed
2024-10-07 12:12:32 [localhost] error: Error syncing database: Too many keys specified; max 64 keys allowed
2024-10-07 12:12:38 [localhost] error: Error syncing database: Too many keys specified; max 64 keys allowed
2024-10-07 12:12:39 [localhost] error: Error syncing database: Too many keys specified; max 64 keys allowed
2024-10-07 12:12:41 [localhost] error: Error syncing database: Too many keys specified; max 64 keys allowed
2024-10-07 12:12:46 [localhost] error: Error syncing database: Too many keys specified; max 64 keys allowed
2024-10-07 12:12:48 [localhost] error: Error syncing database: Too many keys specified; max 64 keys allowed
2024-10-07 12:12:52 [localhost] error: Error syncing database: Too many keys specified; max 64 keys allowed
2024-10-07 12:13:17 [localhost] error: Error syncing database: Too many keys specified; max 64 keys allowed
2024-10-07 12:13:18 [localhost] error: Error syncing database: Too many keys specified; max 64 keys allowed
2024-10-07 12:13:26 [localhost] error: Error syncing database: Too many keys specified; max 64 keys allowed
2024-10-07 12:13:28 [localhost] error: Error syncing database: Too many keys specified; max 64 keys allowed
2024-10-07 12:13:34 [localhost] error: Error syncing database: Too many keys specified; max 64 keys allowed
2024-10-07 12:13:39 [localhost] error: Error syncing database: Too many keys specified; max 64 keys allowed
2024-10-07 12:13:43 [localhost] error: Error syncing database: Too many keys specified; max 64 keys allowed
2024-10-07 12:13:45 [localhost] error: Error syncing database: Too many keys specified; max 64 keys allowed
2024-10-07 12:13:47 [localhost] error: Error syncing database: Too many keys specified; max 64 keys allowed
2024-10-07 12:13:49 [localhost] error: Error syncing database: Too many keys specified; max 64 keys allowed
2024-10-07 12:13:57 [localhost] error: Error syncing database: Too many keys specified; max 64 keys allowed
2024-10-07 12:13:58 [localhost] error: Error syncing database: Too many keys specified; max 64 keys allowed
2024-10-07 12:14:03 [localhost] error: Error syncing database: Too many keys specified; max 64 keys allowed
2024-10-07 12:14:05 [localhost] error: Error syncing database: Too many keys specified; max 64 keys allowed
2024-10-07 12:14:08 [localhost] error: Error syncing database: Too many keys specified; max 64 keys allowed
2024-10-07 12:14:13 [localhost] error: Error syncing database: Too many keys specified; max 64 keys allowed
2024-10-07 12:14:15 [localhost] error: Error syncing database: Too many keys specified; max 64 keys allowed
2024-10-07 12:14:18 [localhost] error: Error syncing database: Too many keys specified; max 64 keys allowed
2024-10-07 12:14:25 [localhost] error: Error syncing database: Too many keys specified; max 64 keys allowed
2024-10-07 12:14:28 [localhost] error: Error syncing database: Too many keys specified; max 64 keys allowed
2024-10-07 12:14:30 [localhost] error: Error syncing database: Too many keys specified; max 64 keys allowed
2024-10-07 12:14:34 [localhost] error: Error syncing database: Too many keys specified; max 64 keys allowed
2024-10-07 12:14:36 [localhost] error: Error syncing database: Too many keys specified; max 64 keys allowed
2024-10-07 12:14:39 [localhost] error: Error syncing database: Too many keys specified; max 64 keys allowed
2024-10-07 12:14:48 [localhost] error: Error syncing database: Too many keys specified; max 64 keys allowed
2024-10-07 12:14:50 [localhost] error: Error syncing database: Too many keys specified; max 64 keys allowed
2024-10-07 12:14:51 [localhost] error: Error syncing database: Too many keys specified; max 64 keys allowed
2024-10-07 12:14:52 [localhost] error: Error syncing database: Too many keys specified; max 64 keys allowed
2024-10-07 12:14:55 [localhost] error: Error syncing database: Too many keys specified; max 64 keys allowed
2024-10-07 12:15:39 [localhost] error: Error syncing database: Too many keys specified; max 64 keys allowed
2024-10-07 12:16:04 [localhost] error: Error syncing database: Too many keys specified; max 64 keys allowed
2024-10-07 12:21:36 [localhost] error: Error syncing database: Too many keys specified; max 64 keys allowed
2024-10-07 12:25:01 [localhost] error: Error syncing database: Too many keys specified; max 64 keys allowed
2024-10-07 12:25:15 [localhost] error: Error syncing database: Too many keys specified; max 64 keys allowed
2024-10-07 12:31:29 [localhost] error: Error reading State: State with id 1 not found
2024-10-07 14:30:00 [localhost] error: Error syncing database: Can't create table `commando`.`jobs` (errno: 150 "Foreign key constraint is incorrectly formed")
2024-10-07 14:30:32 [localhost] error: Error syncing database: Can't create table `commando`.`jobs` (errno: 150 "Foreign key constraint is incorrectly formed")
2024-10-07 14:36:17 [localhost] error: Error syncing database: Can't create table `commando`.`jobs` (errno: 150 "Foreign key constraint is incorrectly formed")
2024-10-07 14:37:01 [localhost] error: Error syncing database: Can't create table `commando`.`jobs` (errno: 150 "Foreign key constraint is incorrectly formed")
2024-10-07 14:49:43 [localhost] error: Error syncing database: Too many keys specified; max 64 keys allowed
2024-10-07 14:49:49 [localhost] error: Error syncing database: Too many keys specified; max 64 keys allowed
2024-10-08 15:08:46 [localhost] error: Error syncing database: read ECONNRESET
2024-10-08 15:08:49 [localhost] error: Error syncing database:
2024-10-08 15:08:51 [localhost] error: Error syncing database:
2024-10-08 15:09:41 [localhost] error: Error syncing database: read ECONNRESET
2024-10-08 16:46:34 [localhost] error: Error creating record in Job: Cannot add or update a child row: a foreign key constraint fails (`commando`.`jobs`, CONSTRAINT `jobs_ibfk_4` FOREIGN KEY (`department_id`) REFERENCES `depertments` (`id`) ON DELETE NO ACTION ON UPDATE CASCADE)
2024-10-24 15:05:10 [localhost] error: Error reading Job: Job with id latest-jobs not found
2024-10-24 15:05:11 [localhost] error: Error reading Job: Job with id latest-jobs not found
2024-10-24 15:06:04 [localhost] error: Error reading Job: Job with id latest-jobs not found
2024-10-24 15:06:06 [localhost] error: Error reading Job: Job with id latest-jobs not found
2024-10-24 15:08:31 [localhost] error: Error reading Job: Job with id admit-cards not found
2024-10-24 15:08:33 [localhost] error: Error reading Job: Job with id admit-cards not found
2024-10-24 15:34:30 [localhost] error: Error reading Job: Job with id job-updates not found
2024-10-24 15:34:42 [localhost] error: Error reading Job: Job with id job-updates not found
2024-10-25 13:22:14 [localhost] error: Error soft deleting record from category: Cannot delete or update a parent row: a foreign key constraint fails (`commando`.`jobs`, CONSTRAINT `jobs_ibfk_943` FOREIGN KEY (`category_id`) REFERENCES `categories` (`id`) ON DELETE NO ACTION ON UPDATE CASCADE)
2024-10-25 13:23:38 [localhost] error: Error soft deleting record from category: Cannot delete or update a parent row: a foreign key constraint fails (`commando`.`jobs`, CONSTRAINT `jobs_ibfk_943` FOREIGN KEY (`category_id`) REFERENCES `categories` (`id`) ON DELETE NO ACTION ON UPDATE CASCADE)
2024-10-25 13:23:54 [localhost] error: Error soft deleting record from Subcategory: Cannot delete or update a parent row: a foreign key constraint fails (`commando`.`jobs`, CONSTRAINT `jobs_ibfk_945` FOREIGN KEY (`subcategory_id`) REFERENCES `subcategorys` (`id`) ON DELETE NO ACTION ON UPDATE CASCADE)
2024-10-25 13:25:59 [localhost] error: Error soft deleting record from State: Cannot delete or update a parent row: a foreign key constraint fails (`commando`.`jobs`, CONSTRAINT `jobs_ibfk_944` FOREIGN KEY (`state_id`) REFERENCES `states` (`id`) ON DELETE NO ACTION ON UPDATE CASCADE)
2024-10-25 13:26:07 [localhost] error: Error soft deleting record from Depertment: Cannot delete or update a parent row: a foreign key constraint fails (`commando`.`jobs`, CONSTRAINT `jobs_ibfk_946` FOREIGN KEY (`department_id`) REFERENCES `depertments` (`id`) ON DELETE NO ACTION ON UPDATE CASCADE)
2024-10-25 14:03:27 [localhost] error: Error soft deleting record from category: Cannot delete or update a parent row: a foreign key constraint fails (`commando`.`jobs`, CONSTRAINT `jobs_ibfk_975` FOREIGN KEY (`category_id`) REFERENCES `categories` (`id`) ON DELETE NO ACTION ON UPDATE CASCADE)
2024-10-25 14:48:00 [localhost] error: Error syncing database:
2024-10-25 14:48:55 [localhost] error: Error syncing database:
2024-10-25 15:42:43 [localhost] error: Error syncing database: Can't create table `rajaji`.`testseriescategories` (errno: 150 "Foreign key constraint is incorrectly formed")
2024-10-25 15:43:48 [localhost] error: Error syncing database: Incorrect datetime value: '0000-00-00 00:00:00' for column `rajaji`.`test_series_categories`.`created_at` at row 1
2024-10-25 15:43:59 [localhost] error: Error syncing database: Incorrect datetime value: '0000-00-00 00:00:00' for column `rajaji`.`test_series_categories`.`created_at` at row 1
2024-10-25 15:45:41 [localhost] error: Error syncing database: Can't create table `rajaji`.`test_series_categories` (errno: 150 "Foreign key constraint is incorrectly formed")
2024-10-25 15:46:59 [localhost] error: Error syncing database: Can't create table `rajaji`.`testseries` (errno: 150 "Foreign key constraint is incorrectly formed")
2024-10-25 15:48:19 [localhost] error: Error syncing database: Can't create table `rajaji`.`testseries` (errno: 150 "Foreign key constraint is incorrectly formed")
2024-10-25 15:49:08 [localhost] error: Error syncing database: Can't create table `rajaji`.`testseries` (errno: 150 "Foreign key constraint is incorrectly formed")
2024-10-25 15:51:04 [localhost] error: Error syncing database: Can't create table `rajaji`.`testseries` (errno: 150 "Foreign key constraint is incorrectly formed")
2024-10-25 15:51:33 [localhost] error: Error syncing database: Can't create table `rajaji`.`testseries` (errno: 150 "Foreign key constraint is incorrectly formed")
2024-10-25 16:22:33 [localhost] error: Error soft deleting record from TestSeriesCategory: TestSeriesCategory with id 2 not found
2024-10-25 16:23:38 [localhost] error: Error soft deleting record from TestSeriesCategory: TestSeriesCategory with id 2 not found
2024-10-25 16:23:55 [localhost] error: Error soft deleting record from TestSeriesCategory: TestSeriesCategory with id 2 not found
2024-10-25 16:27:36 [localhost] error: Error soft deleting record from TestSeriesCategory: TestSeriesCategory with id 4 not found
2024-10-25 16:28:17 [localhost] error: Error soft deleting record from TestSeriesCategory: TestSeriesCategory with id 4 not found
2024-10-25 16:28:19 [localhost] error: Error soft deleting record from TestSeriesCategory: TestSeriesCategory with id 4 not found
2024-10-25 16:28:20 [localhost] error: Error soft deleting record from TestSeriesCategory: TestSeriesCategory with id 4 not found
2024-10-25 16:39:04 [localhost] error: Error reading TestSeriesCategory: TestSeriesCategory with parent_id 4 not found
2024-10-25 16:39:37 [localhost] error: Error reading TestSeriesCategory: TestSeriesCategory with parent_id 4 not found
2024-10-25 16:57:38 [localhost] error: Error updating record in TestSeriesCategory: TestSeriesCategory with id 2 not found or no changes applied
2024-10-25 17:40:03 [localhost] error: Error deleting record from TestSeriesCategory: TestSeriesCategory with id 2 not found
2024-10-25 18:42:20 [localhost] error: Error syncing database: Can't create table `rajaji`.`test_series` (errno: 150 "Foreign key constraint is incorrectly formed")
2024-10-25 18:42:34 [localhost] error: Error syncing database: Can't create table `rajaji`.`test_series` (errno: 150 "Foreign key constraint is incorrectly formed")
2024-10-25 18:43:31 [localhost] error: Error syncing database: Can't create table `rajaji`.`test_series` (errno: 150 "Foreign key constraint is incorrectly formed")
2024-10-25 18:43:43 [localhost] error: Error syncing database: Can't create table `rajaji`.`test_series` (errno: 150 "Foreign key constraint is incorrectly formed")
2024-10-25 18:44:40 [localhost] error: Error syncing database: Can't create table `rajaji`.`test_series` (errno: 150 "Foreign key constraint is incorrectly formed")
2024-11-09 11:20:17 [localhost] error: Error syncing database:
2024-11-09 11:20:43 [localhost] error: Error syncing database:
2024-11-09 11:20:45 [localhost] error: Error syncing database:
2024-11-09 11:24:32 [localhost] error: Error syncing database:
2024-11-09 11:24:57 [localhost] error: Error syncing database:
2024-11-09 11:25:24 [localhost] error: Error syncing database:
2024-11-09 11:28:19 [localhost] error: Error syncing database: Tablespace for table '`rajaji`.`test_series_categories`' exists. Please DISCARD the tablespace before IMPORT
2024-11-09 11:28:56 [localhost] error: Error syncing database: Tablespace for table '`rajaji`.`test_series_categories`' exists. Please DISCARD the tablespace before IMPORT
2024-11-09 11:29:19 [localhost] error: Error syncing database: Tablespace for table '`rajaji`.`test_series_categories`' exists. Please DISCARD the tablespace before IMPORT
2024-11-09 11:29:34 [localhost] error: Error syncing database: Tablespace for table '`rajaji`.`test_series_categories`' exists. Please DISCARD the tablespace before IMPORT
2024-11-09 11:30:41 [localhost] error: Error syncing database: Tablespace for table '`rajaji`.`test_series_categories`' exists. Please DISCARD the tablespace before IMPORT
2024-11-09 12:31:25 [localhost] error: Error reading records from job: JobSEO is not associated to job!
2024-11-09 14:24:42 [localhost] error: Error reading records from job: searchExact is not defined
2024-11-09 14:25:17 [localhost] error: Error reading records from job: Depertment is associated to job using an alias. You've included an alias (department), but it does not match the alias(es) defined in your association (Depertment).
2024-11-09 15:48:02 [localhost] error: Error reading records from job: searchExact is not defined
2024-11-09 16:47:07 [localhost] error: Error reading records from job: Unknown column 'job.0' in 'where clause'
2024-11-09 16:48:12 [localhost] error: Error reading records from job: Unknown column 'job.name' in 'where clause'
2024-11-11 18:57:25 [localhost] error: Error syncing database: CONSTRAINT `jobs.content` failed for `rajaji`.`jobs`
2024-11-11 18:57:57 [localhost] error: Error syncing database: CONSTRAINT `jobs.content` failed for `rajaji`.`jobs`
2024-11-11 18:58:12 [localhost] error: Error syncing database: CONSTRAINT `jobs.content` failed for `rajaji`.`jobs`
2024-11-11 18:58:14 [localhost] error: Error syncing database: CONSTRAINT `jobs.content` failed for `rajaji`.`jobs`
2024-11-11 18:59:29 [localhost] error: Error syncing database: CONSTRAINT `jobs.content` failed for `rajaji`.`jobs`
2024-11-11 19:01:26 [localhost] error: Error syncing database: CONSTRAINT `jobs.content` failed for `rajaji`.`jobs`
2024-11-11 19:01:46 [localhost] error: Error syncing database: CONSTRAINT `jobs.content` failed for `rajaji`.`jobs`
2024-11-11 19:01:55 [localhost] error: Error syncing database: CONSTRAINT `jobs.content` failed for `rajaji`.`jobs`
2024-11-11 19:01:58 [localhost] error: Error syncing database: CONSTRAINT `jobs.content` failed for `rajaji`.`jobs`
2024-11-11 19:02:01 [localhost] error: Error syncing database: CONSTRAINT `jobs.content` failed for `rajaji`.`jobs`
2024-11-11 19:02:04 [localhost] error: Error syncing database: CONSTRAINT `jobs.content` failed for `rajaji`.`jobs`
2024-11-12 10:48:01 [localhost] error: Error syncing database:
2024-11-13 10:13:41 [localhost] error: Error reading job: job with id 1 not found
2024-11-13 11:03:45 [localhost] error: Error reading job: job with id 1 not found
